\BOOKMARK [0][-]{chapter.1}{Introduction}{}% 1
\BOOKMARK [0][-]{chapter.2}{Technical introduction}{}% 2
\BOOKMARK [1][-]{section.2.1}{Models}{chapter.2}% 3
\BOOKMARK [2][-]{subsection.2.1.1}{Toy model}{section.2.1}% 4
\BOOKMARK [2][-]{subsection.2.1.2}{Real model}{section.2.1}% 5
\BOOKMARK [1][-]{section.2.2}{Renormalisation schemes}{chapter.2}% 6
\BOOKMARK [2][-]{subsection.2.2.1}{MS }{section.2.2}% 7
\BOOKMARK [2][-]{subsection.2.2.2}{On-shell}{section.2.2}% 8
\BOOKMARK [2][-]{subsection.2.2.3}{Half MS -Half On-shell}{section.2.2}% 9
\BOOKMARK [1][-]{section.2.3}{Effective potential}{chapter.2}% 10
\BOOKMARK [0][-]{chapter.3}{Calculation of the unrenormalized effective potential}{}% 11
\BOOKMARK [0][-]{chapter.4}{MS bar renormalization of the effective potential}{}% 12
\BOOKMARK [0][-]{chapter.5}{On shell renormalization of the effective potential}{}% 13
\BOOKMARK [1][-]{section.5.1}{Finite momentum approach}{chapter.5}% 14
\BOOKMARK [1][-]{section.5.2}{Zero momentum approach}{chapter.5}% 15
\BOOKMARK [0][-]{chapter.6}{Half MS -Half Onshell scheme}{}% 16
\BOOKMARK [1][-]{section.6.1}{Finite momentum}{chapter.6}% 17
\BOOKMARK [1][-]{section.6.2}{Zero momentum}{chapter.6}% 18
\BOOKMARK [0][-]{chapter.7}{Mass term case}{}% 19
\BOOKMARK [1][-]{subsection.7.0.1}{On-shell finite momentum}{chapter.7}% 20
\BOOKMARK [1][-]{section.7.1}{"Zero momentum" approach}{chapter.7}% 21
\BOOKMARK [0][-]{chapter.8}{Conclusions}{}% 22
